<?xml version="1.0" encoding="UTF-8"?>
<testng-results ignored="0" total="3" passed="3" failed="0" skipped="0">
  <reporter-output>
  </reporter-output>
  <suite started-at="2023-12-22T15:43:09 IST" name="Suite" finished-at="2023-12-22T15:43:09 IST" duration-ms="95">
    <groups>
    </groups>
    <test started-at="2023-12-22T15:43:09 IST" name="Test" finished-at="2023-12-22T15:43:09 IST" duration-ms="95">
      <class name="git.Git_Demo">
        <test-method signature="runGit_Demo()[pri:0, instance:git.Git_Demo@48f278eb]" started-at="2023-12-22T15:43:09 IST" name="runGit_Demo" finished-at="2023-12-22T15:43:09 IST" duration-ms="4" status="PASS">
          <reporter-output>
          </reporter-output>
        </test-method> <!-- runGit_Demo -->
      </class> <!-- git.Git_Demo -->
      <class name="git.Gitdemo_2">
        <test-method signature="runGit_Demo_2()[pri:0, instance:git.Gitdemo_2@4d0f2471]" started-at="2023-12-22T15:43:09 IST" name="runGit_Demo_2" finished-at="2023-12-22T15:43:09 IST" duration-ms="12" status="PASS">
          <reporter-output>
          </reporter-output>
        </test-method> <!-- runGit_Demo_2 -->
      </class> <!-- git.Gitdemo_2 -->
      <class name="git.GitDemo">
        <test-method signature="runGit_Demo_3()[pri:0, instance:git.GitDemo@2f217633]" started-at="2023-12-22T15:43:09 IST" name="runGit_Demo_3" finished-at="2023-12-22T15:43:09 IST" duration-ms="6" status="PASS">
          <reporter-output>
          </reporter-output>
        </test-method> <!-- runGit_Demo_3 -->
      </class> <!-- git.GitDemo -->
    </test> <!-- Test -->
  </suite> <!-- Suite -->
</testng-results>
